<?xml version="1.0" encoding="UTF-8"?>
<testng-results skipped="0" failed="0" ignored="0" total="1" passed="1">
  <reporter-output>
  </reporter-output>
  <suite name="Default suite" duration-ms="10248" started-at="2019-04-17T12:06:17Z" finished-at="2019-04-17T12:06:27Z">
    <groups>
    </groups>
    <test name="Default test" duration-ms="10248" started-at="2019-04-17T12:06:17Z" finished-at="2019-04-17T12:06:27Z">
      <class name="SeleniumSessionsUsingTestNG.StaleElementExceptionTest">
        <test-method status="PASS" signature="setUP()[pri:0, instance:SeleniumSessionsUsingTestNG.StaleElementExceptionTest@754ba872]" name="setUP" is-config="true" duration-ms="7823" started-at="2019-04-17T12:06:17Z" finished-at="2019-04-17T12:06:25Z">
          <reporter-output>
          </reporter-output>
        </test-method> <!-- setUP -->
        <test-method status="PASS" signature="StaleElementErrTest()[pri:0, instance:SeleniumSessionsUsingTestNG.StaleElementExceptionTest@754ba872]" name="StaleElementErrTest" duration-ms="1618" started-at="2019-04-17T12:06:25Z" finished-at="2019-04-17T12:06:27Z">
          <reporter-output>
          </reporter-output>
        </test-method> <!-- StaleElementErrTest -->
        <test-method status="PASS" signature="tearDown()[pri:0, instance:SeleniumSessionsUsingTestNG.StaleElementExceptionTest@754ba872]" name="tearDown" is-config="true" duration-ms="747" started-at="2019-04-17T12:06:27Z" finished-at="2019-04-17T12:06:27Z">
          <reporter-output>
          </reporter-output>
        </test-method> <!-- tearDown -->
      </class> <!-- SeleniumSessionsUsingTestNG.StaleElementExceptionTest -->
    </test> <!-- Default test -->
  </suite> <!-- Default suite -->
</testng-results>
